<?xml version="1.0" encoding="UTF-8"?>
<!-- Generated by org.testng.reporters.JUnitReportReporter -->
<testsuite skipped="0" hostname="LAPTOP-6I37K8RN" name="com.training.testng2.ThirdClass" tests="1" failures="0" timestamp="2022-02-23T23:26:30 IST" time="0.000" errors="0">
  <testcase name="test2" time="0.000" classname="com.training.testng2.ThirdClass"/>
  <system-out/>
</testsuite> <!-- com.training.testng2.ThirdClass -->
