<?xml version="1.0" encoding="UTF-8"?>
<!-- Generated by org.testng.reporters.JUnitReportReporter -->
<testsuite skipped="0" hostname="LAPTOP-6I37K8RN" name="com.training.test.LoginTest" tests="1" failures="0" timestamp="2022-02-24T00:23:59 IST" time="6.172" errors="0">
  <testcase name="verifyAutocomplete" time="6.172" classname="com.training.test.LoginTest"/>
  <system-out/>
</testsuite> <!-- com.training.test.LoginTest -->
