<?xml version="1.0" encoding="UTF-8"?>
<!-- Generated by org.testng.reporters.JUnitReportReporter -->
<testsuite skipped="0" hostname="LAPTOP-6I37K8RN" name="com.training.testng.FirstClass" tests="2" failures="0" timestamp="2022-02-24T00:50:39 IST" time="0.203" errors="0">
  <testcase name="test2" time="0.191" classname="com.training.testng.FirstClass"/>
  <system-out/>
  <testcase name="test1" time="0.012" classname="com.training.testng.FirstClass"/>
  <system-out/>
</testsuite> <!-- com.training.testng.FirstClass -->
